This is pdfTeX, Version 3.14159265-2.6-1.40.21 (TeX Live 2020/Arch Linux) (preloaded format=pdflatex 2021.1.13)  26 FEB 2021 20:21
entering extended mode
 restricted \write18 enabled.
 file:line:error style messages enabled.
 %&-line parsing enabled.
**main.tex
(./main.tex
LaTeX2e <2020-10-01> patch level 2
L3 programming layer <2020-12-03> xparse <2020-03-03> (./ieeeconf.cls
Document Class: ieeeconf 2004/1/15 revision V1.6b by Pradeep Misra
\@IEEEtrantmpdimenA=\dimen138
\@IEEEtrantmpdimenB=\dimen139
\@IEEEtrantmpcountA=\count177
\@IEEEtrantmpcountB=\count178
\@IEEEtrantmptoksA=\toks15
LaTeX Font Info:    Trying to load font information for OT1+ptm on input line 792.
(/usr/share/texmf-dist/tex/latex/psnfss/ot1ptm.fd
File: ot1ptm.fd 2001/06/04 font definitions for OT1/ptm.
)
\@IEEEnormalsizefontbaselineskip=\skip47

-- This is a 10 point document.
\normalsizebaselineskip=\skip48
\normaljot=\skip49
LaTeX Font Info:    Font shape `OT1/ptm/bx/n' in size <5> not available
(Font)              Font shape `OT1/ptm/b/n' tried instead on input line 1111.
LaTeX Font Info:    Font shape `OT1/ptm/bx/it' in size <5> not available
(Font)              Font shape `OT1/ptm/b/it' tried instead on input line 1111.
LaTeX Font Info:    Font shape `OT1/ptm/bx/n' in size <7> not available
(Font)              Font shape `OT1/ptm/b/n' tried instead on input line 1111.
LaTeX Font Info:    Font shape `OT1/ptm/bx/it' in size <7> not available
(Font)              Font shape `OT1/ptm/b/it' tried instead on input line 1111.
LaTeX Font Info:    Font shape `OT1/ptm/bx/n' in size <8> not available
(Font)              Font shape `OT1/ptm/b/n' tried instead on input line 1111.
LaTeX Font Info:    Font shape `OT1/ptm/bx/it' in size <8> not available
(Font)              Font shape `OT1/ptm/b/it' tried instead on input line 1111.
LaTeX Font Info:    Font shape `OT1/ptm/bx/n' in size <9> not available
(Font)              Font shape `OT1/ptm/b/n' tried instead on input line 1111.
LaTeX Font Info:    Font shape `OT1/ptm/bx/it' in size <9> not available
(Font)              Font shape `OT1/ptm/b/it' tried instead on input line 1111.
LaTeX Font Info:    Font shape `OT1/ptm/bx/n' in size <10> not available
(Font)              Font shape `OT1/ptm/b/n' tried instead on input line 1111.
LaTeX Font Info:    Font shape `OT1/ptm/bx/it' in size <10> not available
(Font)              Font shape `OT1/ptm/b/it' tried instead on input line 1111.
LaTeX Font Info:    Font shape `OT1/ptm/bx/n' in size <11> not available
(Font)              Font shape `OT1/ptm/b/n' tried instead on input line 1111.
LaTeX Font Info:    Font shape `OT1/ptm/bx/it' in size <11> not available
(Font)              Font shape `OT1/ptm/b/it' tried instead on input line 1111.
LaTeX Font Info:    Font shape `OT1/ptm/bx/n' in size <12> not available
(Font)              Font shape `OT1/ptm/b/n' tried instead on input line 1111.
LaTeX Font Info:    Font shape `OT1/ptm/bx/it' in size <12> not available
(Font)              Font shape `OT1/ptm/b/it' tried instead on input line 1111.
LaTeX Font Info:    Font shape `OT1/ptm/bx/n' in size <16> not available
(Font)              Font shape `OT1/ptm/b/n' tried instead on input line 1111.
LaTeX Font Info:    Font shape `OT1/ptm/bx/it' in size <16> not available
(Font)              Font shape `OT1/ptm/b/it' tried instead on input line 1111.
LaTeX Font Info:    Font shape `OT1/ptm/bx/n' in size <20> not available
(Font)              Font shape `OT1/ptm/b/n' tried instead on input line 1111.
LaTeX Font Info:    Font shape `OT1/ptm/bx/it' in size <20> not available
(Font)              Font shape `OT1/ptm/b/it' tried instead on input line 1111.
LaTeX Font Info:    Font shape `OT1/ptm/bx/n' in size <24> not available
(Font)              Font shape `OT1/ptm/b/n' tried instead on input line 1111.
LaTeX Font Info:    Font shape `OT1/ptm/bx/it' in size <24> not available
(Font)              Font shape `OT1/ptm/b/it' tried instead on input line 1111.
\IEEEilabelindentA=\dimen140
\IEEEilabelindentB=\dimen141
\IEEEilabelindent=\dimen142
\IEEEelabelindent=\dimen143
\IEEEdlabelindent=\dimen144
\labelindent=\dimen145
\IEEEiednormlabelsep=\dimen146
\IEEEiedmathlabelsep=\dimen147
\IEEEiedtopsep=\skip50
\c@section=\count179
\c@subsection=\count180
\c@subsubsection=\count181
\c@paragraph=\count182
\c@IEEEsubequation=\count183
\abovecaptionskip=\skip51
\belowcaptionskip=\skip52
\c@figure=\count184
\c@table=\count185
\@IEEEeqnnumcols=\count186
\@IEEEeqncolcnt=\count187
\@IEEEtmpitemindent=\dimen148
\c@biography=\count188
\@IEEEtranrubishbin=\box47
)
** ATTENTION: Overriding command lockouts (line 10).
** ATTENTION: Overriding IEEE standard margins (line 13).
(/usr/share/texmf-dist/tex/latex/graphics/graphicx.sty
Package: graphicx 2020/09/09 v1.2b Enhanced LaTeX Graphics (DPC,SPQR)
 (/usr/share/texmf-dist/tex/latex/graphics/keyval.sty
Package: keyval 2014/10/28 v1.15 key=value parser (DPC)
\KV@toks@=\toks16
) (/usr/share/texmf-dist/tex/latex/graphics/graphics.sty
Package: graphics 2020/08/30 v1.4c Standard LaTeX Graphics (DPC,SPQR)
 (/usr/share/texmf-dist/tex/latex/graphics/trig.sty
Package: trig 2016/01/03 v1.10 sin cos tan (DPC)
) (/usr/share/texmf-dist/tex/latex/graphics-cfg/graphics.cfg
File: graphics.cfg 2016/06/04 v1.11 sample graphics configuration
)
Package graphics Info: Driver file: pdftex.def on input line 105.
 (/usr/share/texmf-dist/tex/latex/graphics-def/pdftex.def
File: pdftex.def 2020/10/05 v1.2a Graphics/color driver for pdftex
))
\Gin@req@height=\dimen149
\Gin@req@width=\dimen150
) (/usr/share/texmf-dist/tex/latex/amsmath/amsmath.sty
Package: amsmath 2020/09/23 v2.17i AMS math features
\@mathmargin=\skip53

For additional information on amsmath, use the `?' option.
(/usr/share/texmf-dist/tex/latex/amsmath/amstext.sty
Package: amstext 2000/06/29 v2.01 AMS text
 (/usr/share/texmf-dist/tex/latex/amsmath/amsgen.sty
File: amsgen.sty 1999/11/30 v2.0 generic functions
\@emptytoks=\toks17
\ex@=\dimen151
)) (/usr/share/texmf-dist/tex/latex/amsmath/amsbsy.sty
Package: amsbsy 1999/11/29 v1.2d Bold Symbols
\pmbraise@=\dimen152
) (/usr/share/texmf-dist/tex/latex/amsmath/amsopn.sty
Package: amsopn 2016/03/08 v2.02 operator names
)
\inf@bad=\count189
LaTeX Info: Redefining \frac on input line 234.
\uproot@=\count190
\leftroot@=\count191
LaTeX Info: Redefining \overline on input line 399.
\classnum@=\count192
\DOTSCASE@=\count193
LaTeX Info: Redefining \ldots on input line 496.
LaTeX Info: Redefining \dots on input line 499.
LaTeX Info: Redefining \cdots on input line 620.
\Mathstrutbox@=\box48
\strutbox@=\box49
\big@size=\dimen153
LaTeX Font Info:    Redeclaring font encoding OML on input line 743.
LaTeX Font Info:    Redeclaring font encoding OMS on input line 744.
\macc@depth=\count194
\c@MaxMatrixCols=\count195
\dotsspace@=\muskip16
\c@parentequation=\count196
\dspbrk@lvl=\count197
\tag@help=\toks18
\row@=\count198
\column@=\count199
\maxfields@=\count266
\andhelp@=\toks19
\eqnshift@=\dimen154
\alignsep@=\dimen155
\tagshift@=\dimen156
\tagwidth@=\dimen157
\totwidth@=\dimen158
\lineht@=\dimen159
\@envbody=\toks20
\multlinegap=\skip54
\multlinetaggap=\skip55
\mathdisplay@stack=\toks21
LaTeX Info: Redefining \[ on input line 2923.
LaTeX Info: Redefining \] on input line 2924.
) (/usr/share/texmf-dist/tex/latex/float/float.sty
Package: float 2001/11/08 v1.3d Float enhancements (AL)
\c@float@type=\count267
\float@exts=\toks22
\float@box=\box50
\@float@everytoks=\toks23
\@floatcapt=\box51
) (/usr/share/texmf-dist/tex/latex/l3backend/l3backend-pdftex.def
File: l3backend-pdftex.def 2020-09-24 L3 backend support: PDF output (pdfTeX)
\l__kernel_color_stack_int=\count268
\l__pdf_internal_box=\box52
) (./main.aux

LaTeX Warning: Label `fig:fig' multiply defined.


LaTeX Warning: Label `fig:fig' multiply defined.


LaTeX Warning: Label `fig:fig' multiply defined.


LaTeX Warning: Label `fig:fig' multiply defined.


LaTeX Warning: Label `fig:fig' multiply defined.


LaTeX Warning: Label `fig:fig' multiply defined.


LaTeX Warning: Label `fig:fig' multiply defined.


LaTeX Warning: Label `tab:simple' multiply defined.


LaTeX Warning: Label `tab:simple' multiply defined.


LaTeX Warning: Label `tab:simple' multiply defined.


LaTeX Warning: Label `fig:fig' multiply defined.


LaTeX Warning: Label `fig:fig' multiply defined.


LaTeX Warning: Label `fig:fig' multiply defined.


LaTeX Warning: Label `fig:fig' multiply defined.


LaTeX Warning: Label `fig:fig' multiply defined.


LaTeX Warning: Label `fig:fig' multiply defined.


LaTeX Warning: Label `fig:fig' multiply defined.


LaTeX Warning: Label `fig:fig' multiply defined.


LaTeX Warning: Label `fig:fig' multiply defined.


LaTeX Warning: Label `fig:fig' multiply defined.


LaTeX Warning: Label `fig:fig' multiply defined.


LaTeX Warning: Label `fig:fig' multiply defined.


LaTeX Warning: Label `fig:fig' multiply defined.


LaTeX Warning: Label `c1' multiply defined.


LaTeX Warning: Label `fig:fig' multiply defined.

)
LaTeX Font Info:    Checking defaults for OML/cmm/m/it on input line 29.
LaTeX Font Info:    ... okay on input line 29.
LaTeX Font Info:    Checking defaults for OMS/cmsy/m/n on input line 29.
LaTeX Font Info:    ... okay on input line 29.
LaTeX Font Info:    Checking defaults for OT1/cmr/m/n on input line 29.
LaTeX Font Info:    ... okay on input line 29.
LaTeX Font Info:    Checking defaults for T1/cmr/m/n on input line 29.
LaTeX Font Info:    ... okay on input line 29.
LaTeX Font Info:    Checking defaults for TS1/cmr/m/n on input line 29.
LaTeX Font Info:    ... okay on input line 29.
LaTeX Font Info:    Checking defaults for OMX/cmex/m/n on input line 29.
LaTeX Font Info:    ... okay on input line 29.
LaTeX Font Info:    Checking defaults for U/cmr/m/n on input line 29.
LaTeX Font Info:    ... okay on input line 29.
 (/usr/share/texmf-dist/tex/context/base/mkii/supp-pdf.mkii
[Loading MPS to PDF converter (version 2006.09.02).]
\scratchcounter=\count269
\scratchdimen=\dimen160
\scratchbox=\box53
\nofMPsegments=\count270
\nofMParguments=\count271
\everyMPshowfont=\toks24
\MPscratchCnt=\count272
\MPscratchDim=\dimen161
\MPnumerator=\count273
\makeMPintoPDFobject=\count274
\everyMPtoPDFconversion=\toks25
) (/usr/share/texmf-dist/tex/latex/epstopdf-pkg/epstopdf-base.sty
Package: epstopdf-base 2020-01-24 v2.11 Base part for package epstopdf
Package epstopdf-base Info: Redefining graphics rule for `.eps' on input line 485.
 (/usr/share/texmf-dist/tex/latex/latexconfig/epstopdf-sys.cfg
File: epstopdf-sys.cfg 2010/07/13 v1.3 Configuration of (r)epstopdf for TeX Live
))
<./circuito.jpg, id=1, 615.46065pt x 254.88774pt>
File: ./circuito.jpg Graphic file (type jpg)
<use ./circuito.jpg>
Package pdftex.def Info: ./circuito.jpg  used on input line 59.
(pdftex.def)             Requested size: 217.52899pt x 90.08713pt.
 [1{/var/lib/texmf/fonts/map/pdftex/updmap/pdftex.map}


 <./circuito.jpg>]
<./../plots/ej1/ej1-a-con-error.png, id=20, 1350.04375pt x 1033.8625pt>
File: ./../plots/ej1/ej1-a-con-error.png Graphic file (type png)
<use ./../plots/ej1/ej1-a-con-error.png>
Package pdftex.def Info: ./../plots/ej1/ej1-a-con-error.png  used on input line 160.
(pdftex.def)             Requested size: 217.52899pt x 166.57298pt.

Underfull \vbox (badness 1448) has occurred while \output is active []

 [2]
<./../plots/ej1/ej1-a.png, id=26, 1350.04375pt x 1033.8625pt>
File: ./../plots/ej1/ej1-a.png Graphic file (type png)
<use ./../plots/ej1/ej1-a.png>
Package pdftex.def Info: ./../plots/ej1/ej1-a.png  used on input line 167.
(pdftex.def)             Requested size: 217.52899pt x 166.57298pt.
<./../plots/ej1/ej1-con-error.png, id=27, 1350.04375pt x 1033.8625pt>
File: ./../plots/ej1/ej1-con-error.png Graphic file (type png)
<use ./../plots/ej1/ej1-con-error.png>
Package pdftex.def Info: ./../plots/ej1/ej1-con-error.png  used on input line 174.
(pdftex.def)             Requested size: 217.52899pt x 166.57298pt.
<./../plots/ej1/ej1-b.png, id=28, 1350.04375pt x 1033.8625pt>
File: ./../plots/ej1/ej1-b.png Graphic file (type png)
<use ./../plots/ej1/ej1-b.png>
Package pdftex.def Info: ./../plots/ej1/ej1-b.png  used on input line 181.
(pdftex.def)             Requested size: 217.52899pt x 166.57298pt.

Underfull \vbox (badness 10000) has occurred while \output is active []

 [3 <./../plots/ej1/ej1-a-con-error.png (PNG copy)> <./../plots/ej1/ej1-a.png (PNG copy)> <./../plots/ej1/ej1-con-error.png (PNG copy)> <./../plots/ej1/ej1-b.png (PNG copy)>]
<./plots/ej1-a-plot-0.png, id=32, 1080.035pt x 827.09pt>
File: ./plots/ej1-a-plot-0.png Graphic file (type png)
<use ./plots/ej1-a-plot-0.png>
Package pdftex.def Info: ./plots/ej1-a-plot-0.png  used on input line 224.
(pdftex.def)             Requested size: 217.52899pt x 166.57614pt.
<./plots/ej1-a-plot-1.png, id=33, 1080.035pt x 827.09pt>
File: ./plots/ej1-a-plot-1.png Graphic file (type png)
<use ./plots/ej1-a-plot-1.png>
Package pdftex.def Info: ./plots/ej1-a-plot-1.png  used on input line 231.
(pdftex.def)             Requested size: 217.52899pt x 166.57614pt.
<./plots/ej1-a-plot-2.png, id=34, 1080.035pt x 827.09pt>
File: ./plots/ej1-a-plot-2.png Graphic file (type png)
<use ./plots/ej1-a-plot-2.png>
Package pdftex.def Info: ./plots/ej1-a-plot-2.png  used on input line 238.
(pdftex.def)             Requested size: 217.52899pt x 166.57614pt.
 [4 <./plots/ej1-a-plot-0.png (PNG copy)> <./plots/ej1-a-plot-1.png (PNG copy)> <./plots/ej1-a-plot-2.png (PNG copy)>]
<../plots/ej4/ej4-metodos-3.png, id=40, 1350.04375pt x 1033.8625pt>
File: ../plots/ej4/ej4-metodos-3.png Graphic file (type png)
<use ../plots/ej4/ej4-metodos-3.png>
Package pdftex.def Info: ../plots/ej4/ej4-metodos-3.png  used on input line 363.
(pdftex.def)             Requested size: 217.52899pt x 166.57298pt.
<../plots/ej4/ej4-metodos-4.png, id=41, 1350.04375pt x 1033.8625pt>
File: ../plots/ej4/ej4-metodos-4.png Graphic file (type png)
<use ../plots/ej4/ej4-metodos-4.png>
Package pdftex.def Info: ../plots/ej4/ej4-metodos-4.png  used on input line 368.
(pdftex.def)             Requested size: 217.52899pt x 166.57298pt.
<../plots/ej4/ej4-metodos-5.png, id=42, 1350.04375pt x 1033.8625pt>
File: ../plots/ej4/ej4-metodos-5.png Graphic file (type png)
<use ../plots/ej4/ej4-metodos-5.png>
Package pdftex.def Info: ../plots/ej4/ej4-metodos-5.png  used on input line 373.
(pdftex.def)             Requested size: 217.52899pt x 166.57298pt.

Underfull \vbox (badness 1325) has occurred while \output is active []

 [5 <../plots/ej4/ej4-metodos-3.png (PNG copy)> <../plots/ej4/ej4-metodos-4.png (PNG copy)>]
<../plots/ej4/ej4-metodos-2.png, id=46, 1350.04375pt x 1033.8625pt>
File: ../plots/ej4/ej4-metodos-2.png Graphic file (type png)
<use ../plots/ej4/ej4-metodos-2.png>
Package pdftex.def Info: ../plots/ej4/ej4-metodos-2.png  used on input line 378.
(pdftex.def)             Requested size: 217.52899pt x 166.57298pt.
<../plots/ej4/ej4-metodos-6.png, id=47, 1350.04375pt x 1033.8625pt>
File: ../plots/ej4/ej4-metodos-6.png Graphic file (type png)
<use ../plots/ej4/ej4-metodos-6.png>
Package pdftex.def Info: ../plots/ej4/ej4-metodos-6.png  used on input line 383.
(pdftex.def)             Requested size: 217.52899pt x 166.57298pt.
File: ../plots/ej4/ej4-metodos-2.png Graphic file (type png)
<use ../plots/ej4/ej4-metodos-2.png>
Package pdftex.def Info: ../plots/ej4/ej4-metodos-2.png  used on input line 388.
(pdftex.def)             Requested size: 217.52899pt x 166.57298pt.

Underfull \vbox (badness 10000) has occurred while \output is active []

<../plots/ej4/ej4-errores-1.png, id=48, 1350.04375pt x 1033.8625pt>
File: ../plots/ej4/ej4-errores-1.png Graphic file (type png)
<use ../plots/ej4/ej4-errores-1.png>
Package pdftex.def Info: ../plots/ej4/ej4-errores-1.png  used on input line 395.
(pdftex.def)             Requested size: 217.52899pt x 166.57298pt.
<../plots/ej4/ej4-errores-2.png, id=49, 1350.04375pt x 1033.8625pt>
File: ../plots/ej4/ej4-errores-2.png Graphic file (type png)
<use ../plots/ej4/ej4-errores-2.png>
Package pdftex.def Info: ../plots/ej4/ej4-errores-2.png  used on input line 401.
(pdftex.def)             Requested size: 217.52899pt x 166.57298pt.
 [6 <../plots/ej4/ej4-metodos-5.png (PNG copy)> <../plots/ej4/ej4-metodos-2.png (PNG copy)> <../plots/ej4/ej4-metodos-6.png (PNG copy)> <../plots/ej4/ej4-errores-1.png (PNG copy)> <../plots/ej4/ej4-errores-2.png (PNG copy)>]
<../plots/ej5/Frecuencia:20hz.png, id=53, 1350.04375pt x 1033.8625pt>
File: ../plots/ej5/Frecuencia:20hz.png Graphic file (type png)
<use ../plots/ej5/Frecuencia:20hz.png>
Package pdftex.def Info: ../plots/ej5/Frecuencia:20hz.png  used on input line 419.
(pdftex.def)             Requested size: 217.52899pt x 166.57298pt.
<../plots/ej5/error-20hz.png, id=54, 1350.04375pt x 1033.8625pt>
File: ../plots/ej5/error-20hz.png Graphic file (type png)
<use ../plots/ej5/error-20hz.png>
Package pdftex.def Info: ../plots/ej5/error-20hz.png  used on input line 425.
(pdftex.def)             Requested size: 217.52899pt x 166.57298pt.
<../plots/ej5/Frecuencia:200hz.png, id=55, 1350.04375pt x 1033.8625pt>
File: ../plots/ej5/Frecuencia:200hz.png Graphic file (type png)
<use ../plots/ej5/Frecuencia:200hz.png>
Package pdftex.def Info: ../plots/ej5/Frecuencia:200hz.png  used on input line 431.
(pdftex.def)             Requested size: 217.52899pt x 166.57298pt.
<../plots/ej5/error-200hz.png, id=56, 1350.04375pt x 1033.8625pt>
File: ../plots/ej5/error-200hz.png Graphic file (type png)
<use ../plots/ej5/error-200hz.png>
Package pdftex.def Info: ../plots/ej5/error-200hz.png  used on input line 437.
(pdftex.def)             Requested size: 217.52899pt x 166.57298pt.
<../plots/ej5/Frecuencia:2000hz.png, id=57, 1350.04375pt x 1033.8625pt>
File: ../plots/ej5/Frecuencia:2000hz.png Graphic file (type png)
<use ../plots/ej5/Frecuencia:2000hz.png>
Package pdftex.def Info: ../plots/ej5/Frecuencia:2000hz.png  used on input line 443.
(pdftex.def)             Requested size: 217.52899pt x 166.57298pt.
<../plots/ej5/error-2000hz.png, id=58, 1350.04375pt x 1033.8625pt>
File: ../plots/ej5/error-2000hz.png Graphic file (type png)
<use ../plots/ej5/error-2000hz.png>
Package pdftex.def Info: ../plots/ej5/error-2000hz.png  used on input line 449.
(pdftex.def)             Requested size: 217.52899pt x 166.57298pt.
<../plots/ej5/Frecuencia:20000hz.png, id=59, 1350.04375pt x 1033.8625pt>
File: ../plots/ej5/Frecuencia:20000hz.png Graphic file (type png)
<use ../plots/ej5/Frecuencia:20000hz.png>
Package pdftex.def Info: ../plots/ej5/Frecuencia:20000hz.png  used on input line 455.
(pdftex.def)             Requested size: 217.52899pt x 166.57298pt.

Underfull \vbox (badness 10000) has occurred while \output is active []

 [7 <../plots/ej5/Frecuencia:20hz.png (PNG copy)> <../plots/ej5/error-20hz.png (PNG copy)> <../plots/ej5/Frecuencia:200hz.png (PNG copy)> <../plots/ej5/error-200hz.png (PNG copy)> <../plots/ej5/Frecuencia:2000hz.png (PNG copy)> <../plots/ej5/error-2000hz.png (PNG copy)>]
<../plots/ej5/error-20000hz.png, id=64, 1350.04375pt x 1033.8625pt>
File: ../plots/ej5/error-20000hz.png Graphic file (type png)
<use ../plots/ej5/error-20000hz.png>
Package pdftex.def Info: ../plots/ej5/error-20000hz.png  used on input line 461.
(pdftex.def)             Requested size: 217.52899pt x 166.57298pt.
<../plots/ej5/Frecuencia:20hz-ue.png, id=65, 1350.04375pt x 1033.8625pt>
File: ../plots/ej5/Frecuencia:20hz-ue.png Graphic file (type png)
<use ../plots/ej5/Frecuencia:20hz-ue.png>
Package pdftex.def Info: ../plots/ej5/Frecuencia:20hz-ue.png  used on input line 470.
(pdftex.def)             Requested size: 217.52899pt x 166.57298pt.

Underfull \vbox (badness 10000) has occurred while \output is active []

<../plots/ej5/Frecuencia:200hz-ue.png, id=66, 1350.04375pt x 1033.8625pt>
File: ../plots/ej5/Frecuencia:200hz-ue.png Graphic file (type png)
<use ../plots/ej5/Frecuencia:200hz-ue.png>
Package pdftex.def Info: ../plots/ej5/Frecuencia:200hz-ue.png  used on input line 476.
(pdftex.def)             Requested size: 217.52899pt x 166.57298pt.
<../plots/ej5/Frecuencia:2000hz-ue.png, id=67, 1350.04375pt x 1033.8625pt>
File: ../plots/ej5/Frecuencia:2000hz-ue.png Graphic file (type png)
<use ../plots/ej5/Frecuencia:2000hz-ue.png>
Package pdftex.def Info: ../plots/ej5/Frecuencia:2000hz-ue.png  used on input line 482.
(pdftex.def)             Requested size: 217.52899pt x 166.57298pt.
<../plots/ej5/Frecuencia:20000hz-ue.png, id=68, 1350.04375pt x 1033.8625pt>
File: ../plots/ej5/Frecuencia:20000hz-ue.png Graphic file (type png)
<use ../plots/ej5/Frecuencia:20000hz-ue.png>
Package pdftex.def Info: ../plots/ej5/Frecuencia:20000hz-ue.png  used on input line 488.
(pdftex.def)             Requested size: 217.52899pt x 166.57298pt.

Underfull \vbox (badness 10000) has occurred while \output is active []

 [8 <../plots/ej5/Frecuencia:20000hz.png (PNG copy)> <../plots/ej5/error-20000hz.png (PNG copy)> <../plots/ej5/Frecuencia:20hz-ue.png (PNG copy)> <../plots/ej5/Frecuencia:200hz-ue.png (PNG copy)> <../plots/ej5/Frecuencia:2000hz-ue.png (PNG copy)>]

** Conference Paper **
Before submitting the final camera ready copy, remember to:

 1. Manually equalize the lengths of two columns on the last page
 of your paper;

 2. Ensure that any PostScript and/or PDF output post-processing
 uses only Type 1 fonts and that every step in the generation
 process uses the US letter (8.5in X 11in) paper size.

[9

 <../plots/ej5/Frecuencia:20000hz-ue.png (PNG copy)>] (./main.aux)

LaTeX Warning: There were multiply-defined labels.

 ) 
Here is how much of TeX's memory you used:
 2641 strings out of 479383
 41690 string characters out of 5875830
 338378 words of memory out of 5000000
 19722 multiletter control sequences out of 15000+600000
 440489 words of font info for 93 fonts, out of 8000000 for 9000
 1141 hyphenation exceptions out of 8191
 66i,8n,72p,1280b,298s stack positions out of 5000i,500n,10000p,200000b,80000s
{/usr/share/texmf-dist/fonts/enc/dvips/base/8r.enc}</usr/share/texmf-dist/fonts/type1/public/amsfonts/cm/cmex10.pfb></usr/share/texmf-dist/fonts/type1/public/amsfonts/cm/cmmi10.pfb></usr/share/texmf-dist/fonts/type1/public/amsfonts/cm/cmmi6.pfb></usr/share/texmf-dist/fonts/type1/public/amsfonts/cm/cmmi7.pfb></usr/share/texmf-dist/fonts/type1/public/amsfonts/cm/cmmi8.pfb></usr/share/texmf-dist/fonts/type1/public/amsfonts/cm/cmmi9.pfb></usr/share/texmf-dist/fonts/type1/public/amsfonts/cm/cmr10.pfb></usr/share/texmf-dist/fonts/type1/public/amsfonts/cm/cmr5.pfb></usr/share/texmf-dist/fonts/type1/public/amsfonts/cm/cmr7.pfb></usr/share/texmf-dist/fonts/type1/public/amsfonts/cm/cmr8.pfb></usr/share/texmf-dist/fonts/type1/public/amsfonts/cm/cmr9.pfb></usr/share/texmf-dist/fonts/type1/public/amsfonts/cm/cmsy10.pfb></usr/share/texmf-dist/fonts/type1/public/amsfonts/cm/cmsy7.pfb></usr/share/texmf-dist/fonts/type1/urw/times/utmb8a.pfb></usr/share/texmf-dist/fonts/type1/urw/times/utmbi8a.pfb></usr/share/texmf-dist/fonts/type1/urw/times/utmr8a.pfb></usr/share/texmf-dist/fonts/type1/urw/times/utmri8a.pfb>
Output written on main.pdf (9 pages, 2163911 bytes).
PDF statistics:
 130 PDF objects out of 1000 (max. 8388607)
 74 compressed objects within 1 object stream
 0 named destinations out of 1000 (max. 500000)
 136 words of extra memory for PDF output out of 10000 (max. 10000000)

